<?xml version="1.0" encoding="UTF-8"?>
<testng-results ignored="0" total="1" passed="1" failed="0" skipped="0">
  <reporter-output>
  </reporter-output>
  <suite started-at="2022-12-18T22:03:55 IST" name="Default suite" finished-at="2022-12-18T22:03:55 IST" duration-ms="61">
    <groups>
    </groups>
    <test started-at="2022-12-18T22:03:55 IST" name="Default test" finished-at="2022-12-18T22:03:55 IST" duration-ms="61">
      <class name="demoTest.Summing">
        <test-method signature="mSumming()[pri:0, instance:demoTest.Summing@29d89d5d]" started-at="2022-12-18T22:03:55 IST" name="mSumming" finished-at="2022-12-18T22:03:55 IST" duration-ms="11" status="PASS">
          <reporter-output>
          </reporter-output>
        </test-method> <!-- mSumming -->
      </class> <!-- demoTest.Summing -->
    </test> <!-- Default test -->
  </suite> <!-- Default suite -->
</testng-results>
